# JRE version: Java(TM) SE Runtime Environment (8.0_181-b13) (build 1.8.0_181-b13)
# Java VM: Java HotSpot(TM) 64-Bit Server VM (25.181-b13 mixed mode linux-amd64 compressed oops)
Heap:
 PSYoungGen      total 220160K, used 12783K [0x00000000eb700000, 0x00000000fa200000, 0x0000000100000000)
  eden space 207360K, 0% used [0x00000000eb700000,0x00000000eb700000,0x00000000f8180000)
  from space 12800K, 99% used [0x00000000f8180000,0x00000000f8dfbee0,0x00000000f8e00000)
  to   space 11264K, 0% used [0x00000000f8e00000,0x00000000f8e00000,0x00000000f9900000)
 ParOldGen       total 46080K, used 12896K [0x00000000c2400000, 0x00000000c5100000, 0x00000000eb700000)
  object space 46080K, 27% used [0x00000000c2400000,0x00000000c3098350,0x00000000c5100000)
 Metaspace       used 53874K, capacity 54146K, committed 54616K, reserved 1095680K
  class space    used 7855K, capacity 7939K, committed 8024K, reserved 1048576K
GC Heap History (10 events):
Event: 9,531 GC heap after
Heap after GC invocations=10 (full 1):
 PSYoungGen      total 131584K, used 6654K [0x00000000eb700000, 0x00000000f6200000, 0x0000000100000000)
  eden space 124928K, 0% used [0x00000000eb700000,0x00000000eb700000,0x00000000f3100000)
  from space 6656K, 99% used [0x00000000f3100000,0x00000000f377fbc0,0x00000000f3780000)
  to   space 8704K, 0% used [0x00000000f5980000,0x00000000f5980000,0x00000000f6200000)
 ParOldGen       total 31744K, used 7996K [0x00000000c2400000, 0x00000000c4300000, 0x00000000eb700000)
  object space 31744K, 25% used [0x00000000c2400000,0x00000000c2bcf3c8,0x00000000c4300000)
 Metaspace       used 28624K, capacity 28930K, committed 29312K, reserved 1075200K
  class space    used 4073K, capacity 4151K, committed 4224K, reserved 1048576K
}
Event: 12,632 GC heap before
{Heap before GC invocations=11 (full 1):
 PSYoungGen      total 131584K, used 131582K [0x00000000eb700000, 0x00000000f6200000, 0x0000000100000000)
  eden space 124928K, 100% used [0x00000000eb700000,0x00000000f3100000,0x00000000f3100000)
  from space 6656K, 99% used [0x00000000f3100000,0x00000000f377fbc0,0x00000000f3780000)
  to   space 8704K, 0% used [0x00000000f5980000,0x00000000f5980000,0x00000000f6200000)
 ParOldGen       total 31744K, used 7996K [0x00000000c2400000, 0x00000000c4300000, 0x00000000eb700000)
  object space 31744K, 25% used [0x00000000c2400000,0x00000000c2bcf3c8,0x00000000c4300000)
 Metaspace       used 34656K, capacity 34896K, committed 35328K, reserved 1079296K
  class space    used 5058K, capacity 5114K, committed 5120K, reserved 1048576K
Event: 12,643 GC heap after
Heap after GC invocations=11 (full 1):
 PSYoungGen      total 162304K, used 8700K [0x00000000eb700000, 0x00000000f6200000, 0x0000000100000000)
  eden space 153600K, 0% used [0x00000000eb700000,0x00000000eb700000,0x00000000f4d00000)
  from space 8704K, 99% used [0x00000000f5980000,0x00000000f61ff060,0x00000000f6200000)
  to   space 10752K, 0% used [0x00000000f4d00000,0x00000000f4d00000,0x00000000f5780000)
 ParOldGen       total 31744K, used 10524K [0x00000000c2400000, 0x00000000c4300000, 0x00000000eb700000)
  object space 31744K, 33% used [0x00000000c2400000,0x00000000c2e47340,0x00000000c4300000)
 Metaspace       used 34656K, capacity 34896K, committed 35328K, reserved 1079296K
  class space    used 5058K, capacity 5114K, committed 5120K, reserved 1048576K
}
Event: 12,691 GC heap before
{Heap before GC invocations=12 (full 1):
 PSYoungGen      total 162304K, used 11624K [0x00000000eb700000, 0x00000000f6200000, 0x0000000100000000)
  eden space 153600K, 1% used [0x00000000eb700000,0x00000000eb9db0d0,0x00000000f4d00000)
  from space 8704K, 99% used [0x00000000f5980000,0x00000000f61ff060,0x00000000f6200000)
  to   space 10752K, 0% used [0x00000000f4d00000,0x00000000f4d00000,0x00000000f5780000)
 ParOldGen       total 31744K, used 10524K [0x00000000c2400000, 0x00000000c4300000, 0x00000000eb700000)
  object space 31744K, 33% used [0x00000000c2400000,0x00000000c2e47340,0x00000000c4300000)
 Metaspace       used 34884K, capacity 35120K, committed 35416K, reserved 1079296K
  class space    used 5090K, capacity 5146K, committed 5208K, reserved 1048576K
Event: 12,697 GC heap after
Heap after GC invocations=12 (full 1):
 PSYoungGen      total 164352K, used 361K [0x00000000eb700000, 0x00000000f9900000, 0x0000000100000000)
  eden space 153600K, 0% used [0x00000000eb700000,0x00000000eb700000,0x00000000f4d00000)
  from space 10752K, 3% used [0x00000000f4d00000,0x00000000f4d5a690,0x00000000f5780000)
  to   space 11264K, 0% used [0x00000000f8e00000,0x00000000f8e00000,0x00000000f9900000)
 ParOldGen       total 31744K, used 15577K [0x00000000c2400000, 0x00000000c4300000, 0x00000000eb700000)
  object space 31744K, 49% used [0x00000000c2400000,0x00000000c3336558,0x00000000c4300000)
 Metaspace       used 34884K, capacity 35120K, committed 35416K, reserved 1079296K
  class space    used 5090K, capacity 5146K, committed 5208K, reserved 1048576K
}
Event: 12,697 GC heap before
{Heap before GC invocations=13 (full 2):
 PSYoungGen      total 164352K, used 361K [0x00000000eb700000, 0x00000000f9900000, 0x0000000100000000)
  eden space 153600K, 0% used [0x00000000eb700000,0x00000000eb700000,0x00000000f4d00000)
  from space 10752K, 3% used [0x00000000f4d00000,0x00000000f4d5a690,0x00000000f5780000)
  to   space 11264K, 0% used [0x00000000f8e00000,0x00000000f8e00000,0x00000000f9900000)
 ParOldGen       total 31744K, used 15577K [0x00000000c2400000, 0x00000000c4300000, 0x00000000eb700000)
  object space 31744K, 49% used [0x00000000c2400000,0x00000000c3336558,0x00000000c4300000)
 Metaspace       used 34884K, capacity 35120K, committed 35416K, reserved 1079296K
  class space    used 5090K, capacity 5146K, committed 5208K, reserved 1048576K
Event: 12,738 GC heap after
Heap after GC invocations=13 (full 2):
 PSYoungGen      total 164352K, used 0K [0x00000000eb700000, 0x00000000f9900000, 0x0000000100000000)
  eden space 153600K, 0% used [0x00000000eb700000,0x00000000eb700000,0x00000000f4d00000)
  from space 10752K, 0% used [0x00000000f4d00000,0x00000000f4d00000,0x00000000f5780000)
  to   space 11264K, 0% used [0x00000000f8e00000,0x00000000f8e00000,0x00000000f9900000)
 ParOldGen       total 46080K, used 9477K [0x00000000c2400000, 0x00000000c5100000, 0x00000000eb700000)
  object space 46080K, 20% used [0x00000000c2400000,0x00000000c2d417f0,0x00000000c5100000)
 Metaspace       used 34884K, capacity 35120K, committed 35416K, reserved 1079296K
  class space    used 5090K, capacity 5146K, committed 5208K, reserved 1048576K
}
Event: 14,281 GC heap before
{Heap before GC invocations=14 (full 2):
 PSYoungGen      total 164352K, used 153600K [0x00000000eb700000, 0x00000000f9900000, 0x0000000100000000)
  eden space 153600K, 100% used [0x00000000eb700000,0x00000000f4d00000,0x00000000f4d00000)
  from space 10752K, 0% used [0x00000000f4d00000,0x00000000f4d00000,0x00000000f5780000)
  to   space 11264K, 0% used [0x00000000f8e00000,0x00000000f8e00000,0x00000000f9900000)
 ParOldGen       total 46080K, used 9477K [0x00000000c2400000, 0x00000000c5100000, 0x00000000eb700000)
  object space 46080K, 20% used [0x00000000c2400000,0x00000000c2d417f0,0x00000000c5100000)
 Metaspace       used 43362K, capacity 43600K, committed 43992K, reserved 1087488K
  class space    used 6274K, capacity 6330K, committed 6360K, reserved 1048576K
Event: 14,293 GC heap after
Heap after GC invocations=14 (full 2):
 PSYoungGen      total 218624K, used 10149K [0x00000000eb700000, 0x00000000fa200000, 0x0000000100000000)
  eden space 207360K, 0% used [0x00000000eb700000,0x00000000eb700000,0x00000000f8180000)
  from space 11264K, 90% used [0x00000000f8e00000,0x00000000f97e96c8,0x00000000f9900000)
  to   space 12800K, 0% used [0x00000000f8180000,0x00000000f8180000,0x00000000f8e00000)
 ParOldGen       total 46080K, used 9485K [0x00000000c2400000, 0x00000000c5100000, 0x00000000eb700000)
  object space 46080K, 20% used [0x00000000c2400000,0x00000000c2d437f0,0x00000000c5100000)
 Metaspace       used 43362K, capacity 43600K, committed 43992K, reserved 1087488K
  class space    used 6274K, capacity 6330K, committed 6360K, reserved 1048576K
}
Event: 17,545 GC heap before
{Heap before GC invocations=15 (full 2):
 PSYoungGen      total 218624K, used 217509K [0x00000000eb700000, 0x00000000fa200000, 0x0000000100000000)
  eden space 207360K, 100% used [0x00000000eb700000,0x00000000f8180000,0x00000000f8180000)
  from space 11264K, 90% used [0x00000000f8e00000,0x00000000f97e96c8,0x00000000f9900000)
  to   space 12800K, 0% used [0x00000000f8180000,0x00000000f8180000,0x00000000f8e00000)
 ParOldGen       total 46080K, used 9485K [0x00000000c2400000, 0x00000000c5100000, 0x00000000eb700000)
  object space 46080K, 20% used [0x00000000c2400000,0x00000000c2d437f0,0x00000000c5100000)
 Metaspace       used 53874K, capacity 54146K, committed 54616K, reserved 1095680K
  class space    used 7855K, capacity 7939K, committed 8024K, reserved 1048576K

